<?xml version="1.0" encoding="UTF-8"?>
<robot generator="Robot 4.0.3 (Python 3.9.6 on win32)" generated="20210707 12:40:01.418" rpa="false" schemaversion="2">
<suite id="s1" name="Selenium Test" source="C:\Users\rashmimk\PycharmProjects\pythonProject\Selenium Suite\selenium_test.robot">
<test id="s1-t1" name="TC1 Get Datetime">
<kw name="Get Current Date" library="DateTime">
<var>${currentdate}</var>
<doc>Returns current local or UTC time with an optional increment.</doc>
<msg timestamp="20210707 12:40:01.613" level="INFO">${currentdate} = 2021-07-07 12:40:01.613</msg>
<status status="PASS" starttime="20210707 12:40:01.613" endtime="20210707 12:40:01.613"/>
</kw>
<kw name="Log To Console" library="BuiltIn">
<arg>${currentdate}</arg>
<doc>Logs the given message to the console.</doc>
<status status="PASS" starttime="20210707 12:40:01.614" endtime="20210707 12:40:01.614"/>
</kw>
<status status="PASS" starttime="20210707 12:40:01.612" endtime="20210707 12:40:01.614"/>
</test>
<test id="s1-t2" name="TC2 Print Name">
<kw name="Set Variable" library="BuiltIn">
<var>${name}</var>
<arg>{rashmi}</arg>
<doc>Returns the given values which can then be assigned to a variables.</doc>
<msg timestamp="20210707 12:40:01.616" level="INFO">${name} = {rashmi}</msg>
<status status="PASS" starttime="20210707 12:40:01.616" endtime="20210707 12:40:01.616"/>
</kw>
<kw name="Log To Console" library="BuiltIn">
<arg>${name}</arg>
<doc>Logs the given message to the console.</doc>
<status status="PASS" starttime="20210707 12:40:01.616" endtime="20210707 12:40:01.617"/>
</kw>
<kw name="Set Local Variable" library="BuiltIn">
<arg>${name1}</arg>
<arg>{rashmi1}</arg>
<doc>Makes a variable available everywhere within the local scope.</doc>
<msg timestamp="20210707 12:40:01.618" level="INFO">${name1} = {rashmi1}</msg>
<status status="PASS" starttime="20210707 12:40:01.617" endtime="20210707 12:40:01.618"/>
</kw>
<kw name="Log To Console" library="BuiltIn">
<arg>${name1}</arg>
<doc>Logs the given message to the console.</doc>
<status status="PASS" starttime="20210707 12:40:01.618" endtime="20210707 12:40:01.618"/>
</kw>
<status status="PASS" starttime="20210707 12:40:01.615" endtime="20210707 12:40:01.619"/>
</test>
<test id="s1-t3" name="TC3 OpenBrowser Login">
<kw name="Append To Environment Variable" library="OperatingSystem">
<arg>Path</arg>
<arg>${EXECDIR}${/}driver</arg>
<doc>Appends given ``values`` to environment variable ``name``.</doc>
<msg timestamp="20210707 12:40:01.620" level="INFO">Environment variable 'Path' set to value 'C:\Users\rashmimk\PycharmProjects\pythonProject\venv\Scripts;C:\Program Files\Python39\Scripts\;C:\Program Files\Python39\;C:\Program Files (x86)\Common Files\Oracle\Java\javapath;C:\Windows\system32;C:\Windows;C:\Windows\System32\Wbem;C:\Windows\System32\WindowsPowerShell\v1.0\;C:\Windows\System32\OpenSSH\;C:\Windows\CCM;C:\Windows\CCM;C:\Program Files (x86)\Sennheiser\SenncomSDK\;C:\Program Files (x86)\Webex\Plugins;C:\Program Files\Git\cmd;C:\Users\rashmimk\AppData\Local\Microsoft\WindowsApps;;C:\Users\rashmimk\PycharmProjects\pythonProject\driver'.</msg>
<status status="PASS" starttime="20210707 12:40:01.620" endtime="20210707 12:40:01.620"/>
</kw>
<kw name="Open Browser" library="SeleniumLibrary">
<arg>url=http://demo.openemr.io/b/openemr/interface/login/login.php?site=default</arg>
<arg>browser=gc</arg>
<doc>Opens a new browser instance to the optional ``url``.</doc>
<msg timestamp="20210707 12:40:01.621" level="INFO">Opening browser 'gc' to base url 'http://demo.openemr.io/b/openemr/interface/login/login.php?site=default'.</msg>
<status status="PASS" starttime="20210707 12:40:01.620" endtime="20210707 12:40:05.015"/>
</kw>
<kw name="Maximize Browser Window" library="SeleniumLibrary">
<doc>Maximizes current browser window.</doc>
<status status="PASS" starttime="20210707 12:40:05.016" endtime="20210707 12:40:05.134"/>
</kw>
<kw name="Set Selenium Implicit Wait" library="SeleniumLibrary">
<arg>30s</arg>
<doc>Sets the implicit wait value used by Selenium.</doc>
<status status="PASS" starttime="20210707 12:40:05.134" endtime="20210707 12:40:05.136"/>
</kw>
<kw name="Input Text" library="SeleniumLibrary">
<arg>id=authUser</arg>
<arg>admin</arg>
<doc>Types the given ``text`` into the text field identified by ``locator``.</doc>
<msg timestamp="20210707 12:40:05.136" level="INFO">Typing text 'admin' into text field 'id=authUser'.</msg>
<status status="PASS" starttime="20210707 12:40:05.136" endtime="20210707 12:40:05.230"/>
</kw>
<kw name="Input Password" library="SeleniumLibrary">
<arg>id=clearPass</arg>
<arg>pass</arg>
<doc>Types the given password into the text field identified by ``locator``.</doc>
<msg timestamp="20210707 12:40:05.230" level="INFO">Typing password into text field 'id=clearPass'.</msg>
<msg timestamp="20210707 12:40:05.269" level="INFO">Temporally setting log level to: NONE</msg>
<msg timestamp="20210707 12:40:05.304" level="INFO">Log level changed from NONE to INFO.</msg>
<status status="PASS" starttime="20210707 12:40:05.230" endtime="20210707 12:40:05.304"/>
</kw>
<kw name="Select From List By Label" library="SeleniumLibrary">
<arg>name=languageChoice</arg>
<arg>English (Indian)</arg>
<doc>Selects options from selection list ``locator`` by ``labels``.</doc>
<msg timestamp="20210707 12:40:05.305" level="INFO">Selecting options from selection list 'name=languageChoice' by label English (Indian).</msg>
<status status="PASS" starttime="20210707 12:40:05.305" endtime="20210707 12:40:05.383"/>
</kw>
<kw name="Click Element" library="SeleniumLibrary">
<arg>xpath=//button[@type='submit']</arg>
<doc>Click the element identified by ``locator``.</doc>
<msg timestamp="20210707 12:40:05.384" level="INFO">Clicking element 'xpath=//button[@type='submit']'.</msg>
<status status="PASS" starttime="20210707 12:40:05.384" endtime="20210707 12:40:08.878"/>
</kw>
<kw name="Wait Until Page Contains" library="SeleniumLibrary">
<arg>Flow Board</arg>
<arg>50s</arg>
<doc>Waits until ``text`` appears on the current page.</doc>
<status status="PASS" starttime="20210707 12:40:08.879" endtime="20210707 12:40:08.892"/>
</kw>
<kw name="Mouse Over" library="SeleniumLibrary">
<arg>xpath=//div[text()='Patient/Client']</arg>
<doc>Simulates hovering the mouse over the element ``locator``.</doc>
<msg timestamp="20210707 12:40:08.893" level="INFO">Simulating Mouse Over on element 'xpath=//div[text()='Patient/Client']'.</msg>
<status status="PASS" starttime="20210707 12:40:08.893" endtime="20210707 12:40:09.172"/>
</kw>
<kw name="Click Element" library="SeleniumLibrary">
<arg>xpath=//div[text()='Patients']</arg>
<doc>Click the element identified by ``locator``.</doc>
<msg timestamp="20210707 12:40:09.173" level="INFO">Clicking element 'xpath=//div[text()='Patients']'.</msg>
<status status="PASS" starttime="20210707 12:40:09.172" endtime="20210707 12:40:09.231"/>
</kw>
<kw name="Select Frame" library="SeleniumLibrary">
<arg>name=fin</arg>
<doc>Sets frame identified by ``locator`` as the current frame.</doc>
<msg timestamp="20210707 12:40:09.232" level="INFO">Selecting frame 'name=fin'.</msg>
<status status="PASS" starttime="20210707 12:40:09.231" endtime="20210707 12:40:10.125"/>
</kw>
<kw name="Click Element" library="SeleniumLibrary">
<arg>id=create_patient_btn1</arg>
<doc>Click the element identified by ``locator``.</doc>
<msg timestamp="20210707 12:40:10.126" level="INFO">Clicking element 'id=create_patient_btn1'.</msg>
<status status="PASS" starttime="20210707 12:40:10.126" endtime="20210707 12:40:10.209"/>
</kw>
<kw name="Unselect Frame" library="SeleniumLibrary">
<doc>Sets the main frame as the current frame.</doc>
<status status="PASS" starttime="20210707 12:40:10.209" endtime="20210707 12:40:10.217"/>
</kw>
<kw name="Select Frame" library="SeleniumLibrary">
<arg>name=pat</arg>
<doc>Sets frame identified by ``locator`` as the current frame.</doc>
<msg timestamp="20210707 12:40:10.218" level="INFO">Selecting frame 'name=pat'.</msg>
<status status="PASS" starttime="20210707 12:40:10.218" endtime="20210707 12:40:10.978"/>
</kw>
<kw name="Input Text" library="SeleniumLibrary">
<arg>id=form_fname</arg>
<arg>Rashmi</arg>
<doc>Types the given ``text`` into the text field identified by ``locator``.</doc>
<msg timestamp="20210707 12:40:10.978" level="INFO">Typing text 'Rashmi' into text field 'id=form_fname'.</msg>
<status status="PASS" starttime="20210707 12:40:10.978" endtime="20210707 12:40:11.142"/>
</kw>
<status status="PASS" starttime="20210707 12:40:01.619" endtime="20210707 12:40:11.142"/>
</test>
<status status="PASS" starttime="20210707 12:40:01.419" endtime="20210707 12:40:11.145"/>
</suite>
<statistics>
<total>
<stat pass="3" fail="0" skip="0">All Tests</stat>
</total>
<tag>
</tag>
<suite>
<stat pass="3" fail="0" skip="0" id="s1" name="Selenium Test">Selenium Test</stat>
</suite>
</statistics>
<errors>
</errors>
</robot>
